<?xml version="1.0" encoding="UTF-8"?>
<!-- Generated by org.testng.reporters.JUnitReportReporter -->
<testsuite hostname="Subhadip" failures="0" tests="4" name="TestCases.TestCase1" time="0.012" errors="0" timestamp="2025-04-17T10:56:18 IST" skipped="0">
  <testcase classname="TestCases.TestCase1" name="getTestData" time="0.001"/>
  <testcase classname="TestCases.TestCase1" name="getTestData" time="0.002"/>
  <testcase classname="TestCases.TestCase1" name="getTestData" time="0.001"/>
  <testcase classname="TestCases.TestCase1" name="getTestData" time="0.008"/>
</testsuite> <!-- TestCases.TestCase1 -->
