<?xml version="1.0" encoding="UTF-8"?>
<!-- Generated by org.testng.reporters.JUnitReportReporter -->
<testsuite hostname="Subhadip" failures="0" tests="2" name="annotations_2.combinedAnnotations.Class4" time="0.014" errors="0" timestamp="2024-11-17T12:55:12 IST" skipped="0">
  <testcase classname="annotations_2.combinedAnnotations.Class4" name="fun8" time="0.013"/>
  <system-out/>
  <testcase classname="annotations_2.combinedAnnotations.Class4" name="fun7" time="0.001"/>
  <system-out/>
</testsuite> <!-- annotations_2.combinedAnnotations.Class4 -->
