<?xml version="1.0" encoding="UTF-8"?>
<!-- Generated by org.testng.reporters.JUnitReportReporter -->
<testsuite hostname="Subhadip" failures="0" tests="2" name="annotations_2.combinedAnnotations.Class2" time="0.002" errors="0" timestamp="2024-11-17T12:30:16 IST" skipped="0">
  <testcase classname="annotations_2.combinedAnnotations.Class2" name="fun4" time="0.001"/>
  <system-out/>
  <testcase classname="annotations_2.combinedAnnotations.Class2" name="fun3" time="0.001"/>
  <system-out/>
</testsuite> <!-- annotations_2.combinedAnnotations.Class2 -->
