<?xml version="1.0" encoding="UTF-8"?>
<!-- Generated by org.testng.reporters.JUnitReportReporter -->
<testsuite hostname="Subhadip" failures="0" tests="2" name="annotations_2.Before_After_Class" time="0.010" errors="0" timestamp="2024-11-17T10:57:20 IST" skipped="0">
  <testcase classname="annotations_2.Before_After_Class" name="search" time="0.008"/>
  <system-out/>
  <testcase classname="annotations_2.Before_After_Class" name="advanceSearch" time="0.002"/>
  <system-out/>
</testsuite> <!-- annotations_2.Before_After_Class -->
