<?xml version="1.0" encoding="UTF-8"?>
<!-- Generated by org.testng.reporters.JUnitReportReporter -->
<testsuite hostname="Subhadip" failures="0" tests="4" name="testNGBasics_1.SeleniumTestNGCompilation" time="12.056" errors="0" timestamp="2024-11-16T23:30:30 IST" skipped="0">
  <testcase classname="testNGBasics_1.SeleniumTestNGCompilation" name="openApplication" time="6.340"/>
  <system-out/>
  <testcase classname="testNGBasics_1.SeleniumTestNGCompilation" name="checkLogo" time="1.181"/>
  <system-out/>
  <testcase classname="testNGBasics_1.SeleniumTestNGCompilation" name="login" time="0.567"/>
  <system-out/>
  <testcase classname="testNGBasics_1.SeleniumTestNGCompilation" name="logout" time="3.968"/>
  <system-out/>
</testsuite> <!-- testNGBasics_1.SeleniumTestNGCompilation -->
