<?xml version="1.0" encoding="UTF-8"?>
<!-- Generated by org.testng.reporters.JUnitReportReporter -->
<testsuite hostname="Subhadip" failures="0" tests="2" name="grouping_3.Payment" time="0.015" errors="0" timestamp="2024-11-18T14:20:31 IST" skipped="0">
  <testcase classname="grouping_3.Payment" name="payWithCard" time="0.014"/>
  <system-out/>
  <testcase classname="grouping_3.Payment" name="payWithUPI" time="0.001"/>
  <system-out/>
</testsuite> <!-- grouping_3.Payment -->
