<?xml version="1.0" encoding="UTF-8"?>
<!-- Generated by org.testng.reporters.JUnitReportReporter -->
<testsuite hostname="Subhadip" failures="0" tests="2" name="extraPractice.Client2" time="1.397" errors="0" timestamp="2024-11-17T18:58:56 IST" skipped="0">
  <testcase classname="extraPractice.Client2" name="verifyRecord" time="1.112"/>
  <system-out/>
  <testcase classname="extraPractice.Client2" name="searchFunctionality" time="0.285"/>
  <system-out/>
</testsuite> <!-- extraPractice.Client2 -->
