<?xml version="1.0" encoding="UTF-8"?>
<!-- Generated by org.testng.reporters.JUnitReportReporter -->
<testsuite hostname="Subhadip" failures="0" tests="3" name="testNGBasics.TestNGBasics" time="0.012" errors="0" timestamp="2024-11-16T21:25:03 IST" skipped="0">
  <testcase classname="testNGBasics.TestNGBasics" name="openApplication" time="0.010"/>
  <system-out/>
  <testcase classname="testNGBasics.TestNGBasics" name="login" time="0.001"/>
  <system-out/>
  <testcase classname="testNGBasics.TestNGBasics" name="logout" time="0.001"/>
  <system-out/>
</testsuite> <!-- testNGBasics.TestNGBasics -->
