<?xml version="1.0" encoding="UTF-8"?>
<!-- Generated by org.testng.reporters.JUnitReportReporter -->
<testsuite hostname="Subhadip" failures="0" tests="3" name="grouping_3.Login" time="0.016" errors="0" timestamp="2024-11-18T13:38:57 IST" skipped="0">
  <testcase classname="grouping_3.Login" name="loginEmail" time="0.013"/>
  <system-out/>
  <testcase classname="grouping_3.Login" name="loginFacebook" time="0.001"/>
  <system-out/>
  <testcase classname="grouping_3.Login" name="loginTwitter" time="0.002"/>
  <system-out/>
</testsuite> <!-- grouping_3.Login -->
