<?xml version="1.0" encoding="UTF-8"?>
<!-- Generated by org.testng.reporters.JUnitReportReporter -->
<testsuite hostname="Subhadip" failures="0" tests="2" name="annotations_2.Before_After_Method" time="0.013" errors="0" timestamp="2024-11-17T10:38:35 IST" skipped="0">
  <testcase classname="annotations_2.Before_After_Method" name="search" time="0.008"/>
  <system-out/>
  <testcase classname="annotations_2.Before_After_Method" name="advSearch" time="0.005"/>
  <system-out/>
</testsuite> <!-- annotations_2.Before_After_Method -->
