<?xml version="1.0" encoding="UTF-8"?>
<!-- Generated by org.testng.reporters.JUnitReportReporter -->
<testsuite hostname="Subhadip" failures="0" tests="3" name="testNGBasics_1.TestNGBasics" time="0.009" errors="0" timestamp="2024-11-16T23:30:30 IST" skipped="0">
  <testcase classname="testNGBasics_1.TestNGBasics" name="openApplication" time="0.004"/>
  <system-out/>
  <testcase classname="testNGBasics_1.TestNGBasics" name="login" time="0.002"/>
  <system-out/>
  <testcase classname="testNGBasics_1.TestNGBasics" name="logout" time="0.003"/>
  <system-out/>
</testsuite> <!-- testNGBasics_1.TestNGBasics -->
