<?xml version="1.0" encoding="UTF-8"?>
<!-- Generated by org.testng.reporters.JUnitReportReporter -->
<testsuite hostname="Subhadip" failures="0" tests="4" name="testNGBasics_1.SeleniumTestNGCompilation" time="12.003" errors="0" timestamp="2024-11-16T22:49:13 IST" skipped="0">
  <testcase classname="testNGBasics_1.SeleniumTestNGCompilation" name="openApplication" time="6.204"/>
  <system-out/>
  <testcase classname="testNGBasics_1.SeleniumTestNGCompilation" name="checkLogo" time="1.227"/>
  <system-out/>
  <testcase classname="testNGBasics_1.SeleniumTestNGCompilation" name="login" time="1.887"/>
  <system-out/>
  <testcase classname="testNGBasics_1.SeleniumTestNGCompilation" name="logout" time="2.685"/>
  <system-out/>
</testsuite> <!-- testNGBasics_1.SeleniumTestNGCompilation -->
