<?xml version="1.0" encoding="UTF-8"?>
<!-- Generated by org.testng.reporters.JUnitReportReporter -->
<testsuite hostname="Subhadip" failures="0" tests="3" name="grouping_3.Register" time="0.006" errors="0" timestamp="2024-11-18T13:30:27 IST" skipped="0">
  <testcase classname="grouping_3.Register" name="registerEmail" time="0.001"/>
  <system-out/>
  <testcase classname="grouping_3.Register" name="registerFacebook" time="0.003"/>
  <system-out/>
  <testcase classname="grouping_3.Register" name="registerTwitter" time="0.002"/>
  <system-out/>
</testsuite> <!-- grouping_3.Register -->
