<?xml version="1.0" encoding="UTF-8"?>
<!-- Generated by org.testng.reporters.JUnitReportReporter -->
<testsuite hostname="Subhadip" failures="0" tests="1" name="extraPractice.Client1" time="0.066" errors="0" timestamp="2024-11-17T13:45:06 IST" skipped="0">
  <testcase classname="extraPractice.Client1" name="verifyTitle" time="0.066"/>
  <system-out/>
</testsuite> <!-- extraPractice.Client1 -->
