<?xml version="1.0" encoding="UTF-8"?>
<!-- Generated by org.testng.reporters.JUnitReportReporter -->
<testsuite hostname="Subhadip" failures="0" tests="2" name="annotations_2.before_after_test.Class2" time="0.004" errors="0" timestamp="2024-11-17T11:53:53 IST" skipped="0">
  <testcase classname="annotations_2.before_after_test.Class2" name="fun3" time="0.002"/>
  <system-out/>
  <testcase classname="annotations_2.before_after_test.Class2" name="fun4" time="0.002"/>
  <system-out/>
</testsuite> <!-- annotations_2.before_after_test.Class2 -->
