<?xml version="1.0" encoding="UTF-8"?>
<!-- Generated by org.testng.reporters.JUnitReportReporter -->
<testsuite hostname="Subhadip" failures="0" tests="4" name="FrameworkDesign.Tests.FunctionalTest" time="53.388" errors="0" timestamp="2024-11-24T20:16:51 IST" skipped="0">
  <testcase classname="FrameworkDesign.Tests.FunctionalTest" name="endToEndTest" time="22.052"/>
  <system-out/>
  <testcase classname="FrameworkDesign.Tests.FunctionalTest" name="findProductTest" time="7.060"/>
  <system-out/>
  <testcase classname="FrameworkDesign.Tests.FunctionalTest" name="endToEndTest" time="17.226"/>
  <system-out/>
  <testcase classname="FrameworkDesign.Tests.FunctionalTest" name="findProductTest" time="7.050"/>
  <system-out/>
</testsuite> <!-- FrameworkDesign.Tests.FunctionalTest -->
