<?xml version="1.0" encoding="UTF-8"?>
<!-- Generated by org.testng.reporters.JUnitReportReporter -->
<testsuite hostname="Subhadip" failures="0" tests="2" name="FrameworkDesign.Tests.FunctionalTest" time="25.483" errors="0" timestamp="2024-11-23T21:22:42 IST" skipped="0">
  <testcase classname="FrameworkDesign.Tests.FunctionalTest" name="findProductTest" time="6.267"/>
  <system-out/>
  <testcase classname="FrameworkDesign.Tests.FunctionalTest" name="endToEndTest" time="19.216"/>
  <system-out/>
</testsuite> <!-- FrameworkDesign.Tests.FunctionalTest -->
