<?xml version="1.0" encoding="UTF-8"?>
<!-- Generated by org.testng.reporters.JUnitReportReporter -->
<testsuite hostname="Subhadip" failures="0" tests="1" name="FrameworkDesign.Tests.EndtoEndTest" time="20.072" errors="0" timestamp="2024-11-23T14:49:32 IST" skipped="0">
  <testcase classname="FrameworkDesign.Tests.EndtoEndTest" name="endToEndTest" time="20.072"/>
  <system-out/>
</testsuite> <!-- FrameworkDesign.Tests.EndtoEndTest -->
