<?xml version="1.0" encoding="UTF-8"?>
<!-- Generated by org.testng.reporters.JUnitReportReporter -->
<testsuite hostname="Subhadip" failures="0" tests="2" name="FrameworkDesign.Tests.ErrorValidationsTest" time="7.551" errors="0" timestamp="2024-11-23T19:39:46 IST" skipped="0">
  <testcase classname="FrameworkDesign.Tests.ErrorValidationsTest" name="loginErrorValidation" time="3.082"/>
  <system-out/>
  <testcase classname="FrameworkDesign.Tests.ErrorValidationsTest" name="productErrorValidation" time="4.469"/>
  <system-out/>
</testsuite> <!-- FrameworkDesign.Tests.ErrorValidationsTest -->
