<?xml version="1.0" encoding="UTF-8"?>
<!-- Generated by org.testng.reporters.JUnitReportReporter -->
<testsuite hostname="Subhadip" failures="0" tests="4" name="FrameworkDesign.Tests.FunctionalTest" time="37.396" errors="0" timestamp="2024-11-24T12:51:36 IST" skipped="0">
  <testcase classname="FrameworkDesign.Tests.FunctionalTest" name="findProductTest" time="3.476"/>
  <system-out/>
  <testcase classname="FrameworkDesign.Tests.FunctionalTest" name="findProductTest" time="2.874"/>
  <system-out/>
  <testcase classname="FrameworkDesign.Tests.FunctionalTest" name="endToEndTest" time="15.853"/>
  <system-out/>
  <testcase classname="FrameworkDesign.Tests.FunctionalTest" name="endToEndTest" time="15.193"/>
  <system-out/>
</testsuite> <!-- FrameworkDesign.Tests.FunctionalTest -->
