<?xml version="1.0" encoding="UTF-8"?>
<!-- Generated by org.testng.reporters.JUnitReportReporter -->
<testsuite hostname="Subhadip" failures="0" tests="1" name="FrameworkDesign.Tests.EndtoEndTest" time="16.176" errors="0" timestamp="2024-11-23T19:39:46 IST" skipped="0">
  <testcase classname="FrameworkDesign.Tests.EndtoEndTest" name="endToEndTest" time="16.176"/>
  <system-out/>
</testsuite> <!-- FrameworkDesign.Tests.EndtoEndTest -->
