<?xml version="1.0" encoding="UTF-8"?>
<!-- Generated by org.testng.reporters.JUnitReportReporter -->
<testsuite hostname="Subhadip" failures="0" tests="2" name="FrameworkDesign.Tests.EndtoEndTest" time="21.375" errors="0" timestamp="2024-11-23T21:19:28 IST" skipped="0">
  <testcase classname="FrameworkDesign.Tests.EndtoEndTest" name="findProduct" time="5.695"/>
  <system-out/>
  <testcase classname="FrameworkDesign.Tests.EndtoEndTest" name="endToEndTest" time="15.680"/>
  <system-out/>
</testsuite> <!-- FrameworkDesign.Tests.EndtoEndTest -->
