<?xml version="1.0" encoding="UTF-8"?>
<!-- Generated by org.testng.reporters.JUnitReportReporter -->
<testsuite hostname="Subhadip" failures="0" tests="1" name="FrameworkDesign.FunctionalTestData.DataReader" time="0.035" errors="0" timestamp="2024-11-24T19:39:02 IST" skipped="0">
  <testcase classname="FrameworkDesign.FunctionalTestData.DataReader" name="getJsonDatatoMap" time="0.035"/>
  <system-out/>
</testsuite> <!-- FrameworkDesign.FunctionalTestData.DataReader -->
