<?xml version="1.0" encoding="UTF-8"?>
<!-- Generated by org.testng.reporters.JUnitReportReporter -->
<testsuite hostname="Subhadip" failures="0" tests="2" name="FrameworkDesign.Tests.ErrorValidationsTest" time="10.185" errors="0" timestamp="2024-11-23T21:28:38 IST" skipped="0">
  <testcase classname="FrameworkDesign.Tests.ErrorValidationsTest" name="productErrorValidation" time="6.328"/>
  <system-out/>
  <testcase classname="FrameworkDesign.Tests.ErrorValidationsTest" name="loginErrorValidation" time="3.857"/>
  <system-out/>
</testsuite> <!-- FrameworkDesign.Tests.ErrorValidationsTest -->
