<?xml version="1.0" encoding="UTF-8"?>
<!-- Generated by org.testng.reporters.JUnitReportReporter -->
<testsuite hostname="Subhadip" failures="0" tests="3" name="TestCases.Testcase1" time="0.010" errors="0" timestamp="2025-04-17T10:10:17 IST" skipped="0">
  <testcase classname="TestCases.Testcase1" name="testCase1_JSONData" time="0.001"/>
  <testcase classname="TestCases.Testcase1" name="testCase1_JSONData" time="0.001"/>
  <testcase classname="TestCases.Testcase1" name="testCase1_JSONData" time="0.008"/>
</testsuite> <!-- TestCases.Testcase1 -->
