<?xml version="1.0" encoding="UTF-8"?>
<!-- Generated by org.testng.reporters.JUnitReportReporter -->
<testsuite hostname="Subhadip" failures="0" tests="2" name="testCases.TC001_AccountRegistrationTest" time="9.013" errors="0" timestamp="2024-12-22T12:53:55 IST" skipped="0">
  <testcase classname="testCases.TC001_AccountRegistrationTest" name="verfiy_account_registration" time="4.660"/>
  <testcase classname="testCases.TC001_AccountRegistrationTest" name="verfiy_account_registration" time="4.353"/>
</testsuite> <!-- testCases.TC001_AccountRegistrationTest -->
