<?xml version="1.0" encoding="UTF-8"?>
<!-- Generated by org.testng.reporters.JUnitReportReporter -->
<testsuite hostname="Subhadip" failures="0" tests="1" name="testCases.TC001_AccountRegistrationTest" time="4.545" errors="0" timestamp="2024-12-22T21:38:50 IST" skipped="0">
  <testcase classname="testCases.TC001_AccountRegistrationTest" name="verfiy_account_registration" time="4.545"/>
</testsuite> <!-- testCases.TC001_AccountRegistrationTest -->
