<?xml version="1.0" encoding="UTF-8"?>
<!-- Generated by org.testng.reporters.JUnitReportReporter -->
<testsuite hostname="Subhadip" failures="0" tests="2" name="testCases.TC002_AccountRegistrationDiffPasswordTest" time="7.917" errors="0" timestamp="2024-12-22T12:53:55 IST" skipped="0">
  <testcase classname="testCases.TC002_AccountRegistrationDiffPasswordTest" name="validate_incorrect_password_message" time="3.916"/>
  <testcase classname="testCases.TC002_AccountRegistrationDiffPasswordTest" name="validate_incorrect_password_message" time="4.001"/>
</testsuite> <!-- testCases.TC002_AccountRegistrationDiffPasswordTest -->
