<?xml version="1.0" encoding="UTF-8"?>
<!-- Generated by org.testng.reporters.JUnitReportReporter -->
<testsuite hostname="Subhadip" failures="0" tests="2" name="Practice.C44" time="0.001" errors="0" timestamp="2024-12-18T13:07:10 IST" skipped="0">
  <testcase classname="Practice.C44" name="login" time="0.001"/>
  <system-out/>
  <testcase classname="Practice.C44" name="logout" time="0.000"/>
  <system-out/>
</testsuite> <!-- Practice.C44 -->
