<?xml version="1.0" encoding="UTF-8"?>
<!-- Generated by org.testng.reporters.JUnitReportReporter -->
<testsuite hostname="Subhadip" failures="0" tests="3" name="Practice.Client1" time="0.013" errors="0" timestamp="2024-12-17T10:31:42 IST" skipped="0">
  <testcase classname="Practice.Client1" name="openApp" time="0.001"/>
  <system-out/>
  <testcase classname="Practice.Client1" name="logout" time="0.001"/>
  <system-out/>
  <testcase classname="Practice.Client1" name="login" time="0.011"/>
  <system-out/>
</testsuite> <!-- Practice.Client1 -->
