<?xml version="1.0" encoding="UTF-8"?>
<!-- Generated by org.testng.reporters.JUnitReportReporter -->
<testsuite hostname="Subhadip" failures="0" tests="2" name="BeforeAfterTest.C2" time="0.002" errors="0" timestamp="2024-12-11T10:52:03 IST" skipped="0">
  <testcase classname="BeforeAfterTest.C2" name="xyz" time="0.001"/>
  <system-out/>
  <testcase classname="BeforeAfterTest.C2" name="xyz" time="0.001"/>
  <system-out/>
</testsuite> <!-- BeforeAfterTest.C2 -->
