<?xml version="1.0" encoding="UTF-8"?>
<!-- Generated by org.testng.reporters.JUnitReportReporter -->
<testsuite hostname="Subhadip" failures="0" tests="2" name="Grouping.PaymentTests" time="0.011" errors="0" timestamp="2024-12-18T12:41:29 IST" skipped="0">
  <testcase classname="Grouping.PaymentTests" name="paymentInRupees" time="0.010"/>
  <system-out/>
  <testcase classname="Grouping.PaymentTests" name="paymentInDollars" time="0.001"/>
  <system-out/>
</testsuite> <!-- Grouping.PaymentTests -->
