<?xml version="1.0" encoding="UTF-8"?>
<!-- Generated by org.testng.reporters.JUnitReportReporter -->
<testsuite hostname="Subhadip" failures="0" tests="2" name="Practice.BeforeAfterClass" time="0.008" errors="0" timestamp="2024-12-17T19:21:36 IST" skipped="0">
  <testcase classname="Practice.BeforeAfterClass" name="search" time="0.007"/>
  <system-out/>
  <testcase classname="Practice.BeforeAfterClass" name="advSearch" time="0.001"/>
  <system-out/>
</testsuite> <!-- Practice.BeforeAfterClass -->
