<?xml version="1.0" encoding="UTF-8"?>
<!-- Generated by org.testng.reporters.JUnitReportReporter -->
<testsuite hostname="Subhadip" failures="0" tests="2" name="Practice.Grouping.signupTests" time="0.012" errors="0" timestamp="2024-12-18T13:50:16 IST" skipped="0">
  <testcase classname="Practice.Grouping.signupTests" name="signupViaEmail" time="0.011"/>
  <system-out/>
  <testcase classname="Practice.Grouping.signupTests" name="signupViaFacebook" time="0.001"/>
  <system-out/>
</testsuite> <!-- Practice.Grouping.signupTests -->
