<?xml version="1.0" encoding="UTF-8"?>
<!-- Generated by org.testng.reporters.JUnitReportReporter -->
<testsuite hostname="Subhadip" failures="0" tests="4" name="Practice.Client2" time="31.569" errors="0" timestamp="2024-12-17T11:08:18 IST" skipped="0">
  <testcase classname="Practice.Client2" name="openApp" time="26.226"/>
  <system-out/>
  <testcase classname="Practice.Client2" name="testLogo" time="1.546"/>
  <system-out/>
  <testcase classname="Practice.Client2" name="login" time="1.764"/>
  <system-out/>
  <testcase classname="Practice.Client2" name="logout" time="2.033"/>
  <system-out/>
</testsuite> <!-- Practice.Client2 -->
