<?xml version="1.0" encoding="UTF-8"?>
<!-- Generated by org.testng.reporters.JUnitReportReporter -->
<testsuite hostname="Subhadip" failures="0" tests="1" name="PageObjectModel.UsingPageFactory.LoginTest" time="2.451" errors="0" timestamp="2024-12-19T22:55:13 IST" skipped="0">
  <testcase classname="PageObjectModel.UsingPageFactory.LoginTest" name="testLogin" time="2.451"/>
  <system-out/>
</testsuite> <!-- PageObjectModel.UsingPageFactory.LoginTest -->
