<?xml version="1.0" encoding="UTF-8"?>
<!-- Generated by org.testng.reporters.JUnitReportReporter -->
<testsuite hostname="Subhadip" failures="0" tests="2" name="Practice.BeforeAfterMethod" time="0.014" errors="0" timestamp="2024-12-17T19:04:36 IST" skipped="0">
  <testcase classname="Practice.BeforeAfterMethod" name="Search" time="0.008"/>
  <system-out/>
  <testcase classname="Practice.BeforeAfterMethod" name="AdvSearch" time="0.006"/>
  <system-out/>
</testsuite> <!-- Practice.BeforeAfterMethod -->
