<?xml version="1.0" encoding="UTF-8"?>
<!-- Generated by org.testng.reporters.JUnitReportReporter -->
<testsuite hostname="Subhadip" failures="0" tests="3" name="TestAnnotation.FirstTestCase" time="0.004" errors="0" timestamp="2024-12-10T19:02:15 IST" skipped="0">
  <testcase classname="TestAnnotation.FirstTestCase" name="openApp" time="0.000"/>
  <system-out/>
  <testcase classname="TestAnnotation.FirstTestCase" name="loginApp" time="0.004"/>
  <system-out/>
  <testcase classname="TestAnnotation.FirstTestCase" name="logoutApp" time="0.000"/>
  <system-out/>
</testsuite> <!-- TestAnnotation.FirstTestCase -->
