<?xml version="1.0" encoding="UTF-8"?>
<!-- Generated by org.testng.reporters.JUnitReportReporter -->
<testsuite hostname="Subhadip" failures="0" tests="2" name="Grouping.LoginTests" time="0.009" errors="0" timestamp="2024-12-18T12:23:41 IST" skipped="0">
  <testcase classname="Grouping.LoginTests" name="loginViaEmail" time="0.008"/>
  <system-out/>
  <testcase classname="Grouping.LoginTests" name="loginViaFacebook" time="0.001"/>
  <system-out/>
</testsuite> <!-- Grouping.LoginTests -->
