<?xml version="1.0" encoding="UTF-8"?>
<!-- Generated by org.testng.reporters.JUnitReportReporter -->
<testsuite hostname="Subhadip" failures="0" tests="4" name="TestAnnotation.OrangeHRMTest" time="10.964" errors="0" timestamp="2024-12-10T19:02:15 IST" skipped="0">
  <testcase classname="TestAnnotation.OrangeHRMTest" name="openApp" time="4.991"/>
  <system-out/>
  <testcase classname="TestAnnotation.OrangeHRMTest" name="checkLogo" time="0.462"/>
  <system-out/>
  <testcase classname="TestAnnotation.OrangeHRMTest" name="login" time="1.351"/>
  <system-out/>
  <testcase classname="TestAnnotation.OrangeHRMTest" name="closeApp" time="4.160"/>
  <system-out/>
</testsuite> <!-- TestAnnotation.OrangeHRMTest -->
