<?xml version="1.0" encoding="UTF-8"?>
<!-- Generated by org.testng.reporters.JUnitReportReporter -->
<testsuite hostname="Subhadip" failures="0" tests="2" name="BeforeAfterClassAnnotation.BeforeAfterClass" time="0.011" errors="0" timestamp="2024-12-11T10:27:23 IST" skipped="0">
  <testcase classname="BeforeAfterClassAnnotation.BeforeAfterClass" name="search" time="0.010"/>
  <system-out/>
  <testcase classname="BeforeAfterClassAnnotation.BeforeAfterClass" name="advSearch" time="0.001"/>
  <system-out/>
</testsuite> <!-- BeforeAfterClassAnnotation.BeforeAfterClass -->
