<?xml version="1.0" encoding="UTF-8"?>
<!-- Generated by org.testng.reporters.JUnitReportReporter -->
<testsuite hostname="Subhadip" failures="0" tests="1" name="PageObjectModel.WithoutPageFactory.LoginTest" time="0.674" errors="0" timestamp="2024-12-19T22:06:19 IST" skipped="0">
  <testcase classname="PageObjectModel.WithoutPageFactory.LoginTest" name="testLogin" time="0.674"/>
  <system-out/>
</testsuite> <!-- PageObjectModel.WithoutPageFactory.LoginTest -->
