<?xml version="1.0" encoding="UTF-8"?>
<!-- Generated by org.testng.reporters.JUnitReportReporter -->
<testsuite hostname="Subhadip" failures="0" tests="1" name="Practice.WithoutPageFactory.LoginTest" time="3.874" errors="0" timestamp="2024-12-20T11:23:43 IST" skipped="0">
  <testcase classname="Practice.WithoutPageFactory.LoginTest" name="loginFunctionality" time="3.874"/>
  <system-out/>
</testsuite> <!-- Practice.WithoutPageFactory.LoginTest -->
