<?xml version="1.0" encoding="UTF-8"?>
<!-- Generated by org.testng.reporters.JUnitReportReporter -->
<testsuite hostname="Subhadip" failures="0" tests="1" name="ExtentReports.LoginTest" time="3.083" errors="0" timestamp="2024-12-24T16:27:57 IST" skipped="0">
  <testcase classname="ExtentReports.LoginTest" name="validate_loginTest" time="3.083"/>
  <system-out/>
</testsuite> <!-- ExtentReports.LoginTest -->
