<?xml version="1.0" encoding="UTF-8"?>
<!-- Generated by org.testng.reporters.JUnitReportReporter -->
<testsuite hostname="Subhadip" failures="0" tests="2" name="Grouping.SignupTests" time="0.013" errors="0" timestamp="2024-12-18T12:32:00 IST" skipped="0">
  <testcase classname="Grouping.SignupTests" name="signupViaEmail" time="0.011"/>
  <system-out/>
  <testcase classname="Grouping.SignupTests" name="signupViaFacebook" time="0.002"/>
  <system-out/>
</testsuite> <!-- Grouping.SignupTests -->
