<?xml version="1.0" encoding="UTF-8"?>
<!-- Generated by org.testng.reporters.JUnitReportReporter -->
<testsuite hostname="Subhadip" failures="0" tests="2" name="BeforeAfterMethodAnnotation.BeforeAndAfterMethod" time="0.017" errors="0" timestamp="2024-12-11T10:16:31 IST" skipped="0">
  <testcase classname="BeforeAfterMethodAnnotation.BeforeAndAfterMethod" name="search" time="0.009"/>
  <system-out/>
  <testcase classname="BeforeAfterMethodAnnotation.BeforeAndAfterMethod" name="advSearch" time="0.008"/>
  <system-out/>
</testsuite> <!-- BeforeAfterMethodAnnotation.BeforeAndAfterMethod -->
