<?xml version="1.0" encoding="UTF-8"?>
<!-- Generated by org.testng.reporters.JUnitReportReporter -->
<testsuite hostname="Subhadip" failures="0" tests="2" name="BeforeAfterTest.C1" time="0.007" errors="0" timestamp="2024-12-11T10:52:03 IST" skipped="0">
  <testcase classname="BeforeAfterTest.C1" name="abc" time="0.001"/>
  <system-out/>
  <testcase classname="BeforeAfterTest.C1" name="abc" time="0.006"/>
  <system-out/>
</testsuite> <!-- BeforeAfterTest.C1 -->
