<?xml version="1.0" encoding="UTF-8"?>
<!-- Generated by org.testng.reporters.JUnitReportReporter -->
<testsuite hostname="Subhadip" failures="0" tests="2" name="Practice.UsingPageFactory.LoginTest" time="8.957" errors="0" timestamp="2024-12-20T11:50:06 IST" skipped="0">
  <testcase classname="Practice.UsingPageFactory.LoginTest" name="loginFunctionality" time="4.612"/>
  <system-out/>
  <testcase classname="Practice.UsingPageFactory.LoginTest" name="loginFunctionality" time="4.345"/>
  <system-out/>
</testsuite> <!-- Practice.UsingPageFactory.LoginTest -->
