<?xml version="1.0" encoding="UTF-8"?>
<!-- Generated by org.testng.reporters.JUnitReportReporter -->
<testsuite hostname="Subhadip" failures="0" tests="1" name="Practice.C3" time="0.006" errors="0" timestamp="2024-12-17T20:18:48 IST" skipped="0">
  <testcase classname="Practice.C3" name="hi" time="0.006"/>
  <system-out/>
</testsuite> <!-- Practice.C3 -->
