<?xml version="1.0" encoding="UTF-8"?>
<!-- Generated by org.testng.reporters.JUnitReportReporter -->
<testsuite hostname="Subhadip" failures="0" tests="2" name="Practice.C33" time="0.004" errors="0" timestamp="2024-12-18T13:07:10 IST" skipped="0">
  <testcase classname="Practice.C33" name="login" time="0.002"/>
  <system-out/>
  <testcase classname="Practice.C33" name="logout" time="0.002"/>
  <system-out/>
</testsuite> <!-- Practice.C33 -->
