<?xml version="1.0" encoding="UTF-8"?>
<!-- Generated by org.testng.reporters.JUnitReportReporter -->
<testsuite hostname="Subhadip" failures="0" tests="1" name="Practice.C4" time="0.001" errors="0" timestamp="2024-12-17T20:18:48 IST" skipped="0">
  <testcase classname="Practice.C4" name="bye" time="0.001"/>
  <system-out/>
</testsuite> <!-- Practice.C4 -->
