<?xml version="1.0" encoding="UTF-8"?>
<!-- Generated by org.testng.reporters.JUnitReportReporter -->
<testsuite hostname="Subhadip" failures="0" tests="2" name="Practice.Grouping.loginTests" time="0.014" errors="0" timestamp="2024-12-18T13:48:55 IST" skipped="0">
  <testcase classname="Practice.Grouping.loginTests" name="loginViaEmail" time="0.012"/>
  <system-out/>
  <testcase classname="Practice.Grouping.loginTests" name="loginViaFacebook" time="0.002"/>
  <system-out/>
</testsuite> <!-- Practice.Grouping.loginTests -->
