<?xml version="1.0" encoding="UTF-8"?>
<!-- Generated by org.testng.reporters.JUnitReportReporter -->
<testsuite hostname="Subhadip" failures="0" tests="1" name="ExecutingSpecificMethodsInsideClass.loginTests" time="0.012" errors="0" timestamp="2024-12-18T13:57:28 IST" skipped="0">
  <testcase classname="ExecutingSpecificMethodsInsideClass.loginTests" name="loginViaSSHKey" time="0.012"/>
  <system-out/>
</testsuite> <!-- ExecutingSpecificMethodsInsideClass.loginTests -->
