<?xml version="1.0" encoding="UTF-8"?>
<!-- Generated by org.testng.reporters.JUnitReportReporter -->
<testsuite hostname="Subhadip" failures="0" tests="2" name="DependencyMethods.C2_BeforeAfterTest" time="0.000" errors="0" timestamp="2024-12-18T11:05:31 IST" skipped="2">
  <testcase classname="DependencyMethods.C2_BeforeAfterTest" name="logout" time="0.000">
    <skipped/>
  </testcase> <!-- logout -->
  <system-out/>
  <testcase classname="DependencyMethods.C2_BeforeAfterTest" name="login" time="0.000">
    <skipped/>
  </testcase> <!-- login -->
  <system-out/>
</testsuite> <!-- DependencyMethods.C2_BeforeAfterTest -->
