<?xml version="1.0" encoding="UTF-8"?>
<!-- Generated by org.testng.reporters.JUnitReportReporter -->
<testsuite hostname="Subhadip" failures="0" tests="2" name="DependencyMethods.C4_BeforeAfterTest" time="0.002" errors="0" timestamp="2024-12-18T11:05:31 IST" skipped="0">
  <testcase classname="DependencyMethods.C4_BeforeAfterTest" name="login" time="0.002"/>
  <system-out/>
  <testcase classname="DependencyMethods.C4_BeforeAfterTest" name="logout" time="0.000"/>
  <system-out/>
</testsuite> <!-- DependencyMethods.C4_BeforeAfterTest -->
