<?xml version="1.0" encoding="UTF-8"?>
<!-- Generated by org.testng.reporters.JUnitReportReporter -->
<testsuite hostname="Subhadip" failures="0" tests="2" name="Practice.C2" time="0.003" errors="0" timestamp="2024-12-17T20:18:48 IST" skipped="0">
  <testcase classname="Practice.C2" name="search" time="0.001"/>
  <system-out/>
  <testcase classname="Practice.C2" name="login" time="0.002"/>
  <system-out/>
</testsuite> <!-- Practice.C2 -->
